Arguments: 
  D:\nodejs\node.exe C:\Program Files (x86)\Yarn\bin\yarn.js

PATH: 
  C:\Program Files (x86)\NetSarang\Xshell 6\;C:\Program Files\Java8\jdk1.8.0_191\bin;C:\Program Files\Java8\jdk1.8.0_191\jre\bin;C:\Program Files (x86)\Intel\Intel(R) Management Engine Components\iCLS\;C:\Program Files\Intel\Intel(R) Management Engine Components\iCLS\;C:\windows\system32;C:\windows;C:\windows\System32\Wbem;C:\windows\System32\WindowsPowerShell\v1.0\;C:\windows\System32\OpenSSH\;C:\Program Files (x86)\Intel\Intel(R) Management Engine Components\DAL;C:\Program Files\Intel\Intel(R) Management Engine Components\DAL;C:\Program Files (x86)\NVIDIA Corporation\PhysX\Common;D:\Maven\apache-maven-3.5.4\bin;D:\cmder\bin;C:\Program Files\MySQL\MySQL Server 8.0\bin;C:\Program Files (x86)\Yarn\bin\;C:\Program Files\Intel\WiFi\bin\;C:\Program Files\Common Files\Intel\WirelessCommon\;C:\Program Files\Redis\;C:\Program Files\Docker\Docker\resources\bin;D:\apache-thrift;C:\WINDOWS\system32;C:\WINDOWS;C:\WINDOWS\System32\Wbem;C:\WINDOWS\System32\WindowsPowerShell\v1.0\;C:\WINDOWS\System32\OpenSSH\;D:\nodejs\;D:\Git\cmd;C:\platform-tools;C:\Program Files\OpenVPN\bin;D:\python3\Scripts\;D:\python3\;C:\Users\zl950\AppData\Local\Microsoft\WindowsApps;D:\Jetbrains\WebStorm 183.4588.47\bin;D:\Jetbrains\IntelliJ IDEA 2018.3.5\bin;C:\Users\zl950\AppData\Local\Yarn\bin;C:\Users\zl950\AppData\Local\Programs\Microsoft VS Code\bin;C:\Users\zl950\AppData\Roaming\npm;C:\Users\zl950\AppData\Local\Programs\Fiddler;C:\Users\zl950\AppData\Local\Yarn\bin;

Yarn version: 
  1.16.0

Node version: 
  12.16.1

Platform: 
  win32 x64

Trace: 
  Error: https://registry.npmjs.org/@babel/types/-/types-7.14.1.tgz: unexpected end of file
      at Zlib.zlibOnError [as onerror] (zlib.js:180:17)

npm manifest: 
  {
    "name": "sl-learn",
    "version": "1.0.0",
    "private": true,
    "description": "hello",
    "templateInfo": {
      "name": "taro-ui",
      "typescript": true,
      "css": "less"
    },
    "scripts": {
      "build:weapp": "taro build --type weapp",
      "build:swan": "taro build --type swan",
      "build:alipay": "taro build --type alipay",
      "build:tt": "taro build --type tt",
      "build:h5": "taro build --type h5",
      "build:rn": "taro build --type rn",
      "build:qq": "taro build --type qq",
      "build:jd": "taro build --type jd",
      "build:quickapp": "taro build --type quickapp",
      "dev:weapp": "npm run build:weapp -- --watch",
      "dev:swan": "npm run build:swan -- --watch",
      "dev:alipay": "npm run build:alipay -- --watch",
      "dev:tt": "npm run build:tt -- --watch",
      "dev:h5": "npm run build:h5 -- --watch",
      "dev:rn": "npm run build:rn -- --watch",
      "dev:qq": "npm run build:qq -- --watch",
      "dev:jd": "npm run build:jd -- --watch",
      "dev:quickapp": "npm run build:quickapp -- --watch"
    },
    "browserslist": [
      "last 3 versions",
      "Android >= 4.1",
      "ios >= 8"
    ],
    "author": "",
    "dependencies": {
      "@babel/runtime": "^7.7.7",
      "@tarojs/cli": "3.1.4",
      "@tarojs/components": "3.1.4",
      "@tarojs/runtime": "3.1.4",
      "@tarojs/taro": "3.1.4",
      "lodash": "4.17.15",
      "@tarojs/react": "3.1.4",
      "react": "^17.0.0",
      "react-dom": "^17.0.0",
      "taro-ui": "^3.0.0-alpha.3"
    },
    "devDependencies": {
      "@babel/core": "^7.8.0",
      "@tarojs/mini-runner": "3.1.4",
      "@tarojs/webpack-runner": "3.1.4",
      "@types/webpack-env": "^1.13.6",
      "babel-preset-taro": "3.1.4",
      "eslint": "^6.8.0",
      "eslint-config-taro": "3.1.4",
      "stylelint": "9.3.0",
      "@typescript-eslint/parser": "^4.15.1",
      "@typescript-eslint/eslint-plugin": "^4.15.1",
      "typescript": "^4.1.0",
      "@types/react": "^17.0.2",
      "eslint-plugin-react": "^7.8.2",
      "eslint-plugin-import": "^2.12.0",
      "eslint-plugin-react-hooks": "^4.2.0"
    }
  }

yarn manifest: 
  No manifest

Lockfile: 
  No lockfile
